[2026-07-20 20:00:01] INFO: Web server started on port 8080
[2026-07-20 20:00:02] INFO: Database connection established
[2026-07-20 20:00:05] INFO: Worker thread pool initialized (4 threads)
[2026-07-20 20:01:12] INFO: GET /api/users — 200 OK (45ms)
[2026-07-20 20:01:15] INFO: GET /api/products — 200 OK (32ms)
[2026-07-20 20:01:22] WARNING: Slow query detected (query took 1200ms)
[2026-07-20 20:01:30] INFO: POST /api/orders — 201 Created (128ms)
[2026-07-20 20:02:01] ERROR: Database connection timed out after 30 seconds
[2026-07-20 20:02:02] INFO: Attempting database reconnect...
[2026-07-20 20:02:03] INFO: Database reconnect successful
[2026-07-20 20:02:45] INFO: GET /api/status — 200 OK (12ms)
[2026-07-20 20:03:15] WARNING: Memory usage at 78% — consider scaling
[2026-07-20 20:03:30] INFO: Cache flush completed successfully
[2026-07-20 20:04:00] ERROR: Failed to write to disk — No space left on device
[2026-07-20 20:04:01] ERROR: Transaction rolled back due to disk write failure
[2026-07-20 20:04:02] INFO: Administrator alerted via email
[2026-07-20 20:05:00] INFO: Disk space freed (old logs rotated)
[2026-07-20 20:05:30] INFO: Service health check passed
[2026-07-20 20:06:00] ERROR: SSL certificate expires in 7 days — renewal required
[2026-07-20 20:06:30] INFO: GET /api/metrics — 200 OK (55ms)
[2026-07-20 20:07:00] WARNING: 5 failed login attempts for user 'admin'
[2026-07-20 20:07:30] ERROR: Authentication service unavailable
[2026-07-20 20:07:31] INFO: Failover to backup auth service activated
[2026-07-20 20:08:00] INFO: POST /api/login — 200 OK (89ms)
[2026-07-20 20:08:45] INFO: Backup completed successfully (4.2 GB)
[2026-07-20 20:09:00] WARNING: CPU load at 92% for last 60 seconds
[2026-07-20 20:09:15] ERROR: Worker thread #3 crashed unexpectedly
[2026-07-20 20:09:16] INFO: Worker thread #3 restarted
[2026-07-20 20:10:00] INFO: All systems operational
[2026-07-20 20:10:30] INFO: GET /api/users/profile — 200 OK (67ms)
[2026-07-20 20:11:00] WARNING: Deprecated API endpoint /v1/api called — use /v2/api
[2026-07-20 20:11:30] INFO: Scheduled maintenance window starts in 30 minutes
[2026-07-20 20:12:00] ERROR: Network interface eth1 went down
[2026-07-20 20:12:01] ERROR: Failover to eth0 — 3 connections dropped
[2026-07-20 20:12:02] INFO: Network restored on eth0
[2026-07-20 20:12:45] INFO: POST /api/data — 200 OK (245ms)
[2026-07-20 20:13:00] INFO: Log rotation completed
[2026-07-20 20:14:00] INFO: System uptime: 24 hours, 14 minutes
[2026-07-20 20:14:30] INFO: All worker threads running normally
[2026-07-20 20:15:00] WARNING: High request rate: 1500 req/sec (threshold: 1000)
[2026-07-20 20:15:30] ERROR: Rate limit exceeded — 52 requests rejected
[2026-07-20 20:15:31] INFO: Rate limiting activated for IP 192.168.1.105
[2026-07-20 20:16:00] INFO: Service metrics exported to monitoring system
[2026-07-20 20:16:30] INFO: GET /health — 200 OK (8ms)
[2026-07-20 20:17:00] INFO: Configuration reload triggered
[2026-07-20 20:17:01] INFO: New configuration applied successfully
[2026-07-20 20:18:00] ERROR: Upstream service timeout — /api/payment returned 504
[2026-07-20 20:18:01] INFO: Retry attempt 1/3 for payment service
[2026-07-20 20:18:03] INFO: Retry attempt 2/3 for payment service
[2026-07-20 20:18:05] INFO: Payment service recovered — transaction completed
[2026-07-20 20:19:00] INFO: System performance report generated
[2026-07-20 20:20:00] INFO: Server shutdown initiated for maintenance
